<?xml version="1.0" encoding="UTF-8"?>
<!-- Generated by org.testng.reporters.JUnitReportReporter -->
<testsuite skipped="0" hostname="KISHORZZZZ-PC" name="script.ValidLogin" tests="1" failures="0" timestamp="28 Jan 2019 08:47:58 GMT" time="8.450" errors="0">
  <testcase name="testA" time="8.450" classname="script.ValidLogin"/>
</testsuite> <!-- script.ValidLogin -->
